0 info it worked if it ends with ok
1 verbose cli [ '/usr/local/bin/node', '/usr/local/bin/npm', 'publish' ]
2 info using npm@3.10.8
3 info using node@v6.9.1
4 verbose publish [ '.' ]
5 silly cache add args [ '.', null ]
6 verbose cache add spec .
7 silly cache add parsed spec Result {
7 silly cache add   raw: '.',
7 silly cache add   scope: null,
7 silly cache add   escapedName: null,
7 silly cache add   name: null,
7 silly cache add   rawSpec: '.',
7 silly cache add   spec: '/Users/arpitmi/myGit/WebCrawlerInJS',
7 silly cache add   type: 'directory' }
8 verbose addLocalDirectory /Users/arpitmi/.npm/crawl/1.0.0/package.tgz not in flight; packing
9 verbose correctMkdir /Users/arpitmi/.npm correctMkdir not in flight; initializing
10 info lifecycle crawl@1.0.0~prepublish: crawl@1.0.0
11 silly lifecycle crawl@1.0.0~prepublish: no script for prepublish, continuing
12 verbose tar pack [ '/Users/arpitmi/.npm/crawl/1.0.0/package.tgz',
12 verbose tar pack   '/Users/arpitmi/myGit/WebCrawlerInJS' ]
13 verbose tarball /Users/arpitmi/.npm/crawl/1.0.0/package.tgz
14 verbose folder /Users/arpitmi/myGit/WebCrawlerInJS
15 verbose addLocalTarball adding from inside cache /Users/arpitmi/.npm/crawl/1.0.0/package.tgz
16 verbose correctMkdir /Users/arpitmi/.npm correctMkdir not in flight; initializing
17 silly cache afterAdd crawl@1.0.0
18 verbose afterAdd /Users/arpitmi/.npm/crawl/1.0.0/package/package.json not in flight; writing
19 verbose correctMkdir /Users/arpitmi/.npm correctMkdir not in flight; initializing
20 verbose afterAdd /Users/arpitmi/.npm/crawl/1.0.0/package/package.json written
21 silly publish { name: 'crawl',
21 silly publish   version: '1.0.0',
21 silly publish   description: 'search keyword on page',
21 silly publish   main: 'index.js',
21 silly publish   scripts: { test: 'echo "Error: no test specified" && exit 1' },
21 silly publish   repository:
21 silly publish    { type: 'git',
21 silly publish      url: 'git+https://github.com/arpitlkce/WebCrawlerInJS.git' },
21 silly publish   author: { name: 'Arpit' },
21 silly publish   license: 'ISC',
21 silly publish   bugs: { url: 'https://github.com/arpitlkce/WebCrawlerInJS/issues' },
21 silly publish   homepage: 'https://github.com/arpitlkce/WebCrawlerInJS#readme',
21 silly publish   dependencies: { cheerio: '^0.22.0', request: '^2.81.0', 'url-parse': '^1.1.8' },
21 silly publish   readme: '# WebCrawlerInJS',
21 silly publish   readmeFilename: 'README.md',
21 silly publish   gitHead: 'e297fb89a9c808c768b010e339d989754efb19ca',
21 silly publish   _id: 'crawl@1.0.0',
21 silly publish   _shasum: '4bc4285da5f685416f312e221890e68f27da9351',
21 silly publish   _from: '.' }
22 verbose getPublishConfig undefined
23 silly mapToRegistry name crawl
24 silly mapToRegistry using default registry
25 silly mapToRegistry registry http://registry.npmjs.org/
26 silly mapToRegistry data Result {
26 silly mapToRegistry   raw: 'crawl',
26 silly mapToRegistry   scope: null,
26 silly mapToRegistry   escapedName: 'crawl',
26 silly mapToRegistry   name: 'crawl',
26 silly mapToRegistry   rawSpec: '',
26 silly mapToRegistry   spec: 'latest',
26 silly mapToRegistry   type: 'tag' }
27 silly mapToRegistry uri http://registry.npmjs.org/crawl
28 verbose publish registryBase http://registry.npmjs.org/
29 silly publish uploading /Users/arpitmi/.npm/crawl/1.0.0/package.tgz
30 verbose request uri http://registry.npmjs.org/crawl
31 verbose request sending authorization for write operation
32 info attempt registry request try #1 at 8:44:50 PM
33 verbose request using bearer token for auth
34 verbose request id cec9be88b413fca5
35 http request PUT http://registry.npmjs.org/crawl
36 http 403 http://registry.npmjs.org/crawl
37 verbose headers { 'cache-control': 'max-age=300',
37 verbose headers   'accept-ranges': 'bytes',
37 verbose headers   date: 'Sun, 23 Apr 2017 15:11:47 GMT',
37 verbose headers   'x-served-by': 'cache-sin18030-SIN',
37 verbose headers   'x-cache': 'MISS',
37 verbose headers   'x-cache-hits': '0',
37 verbose headers   'x-timer': 'S1492960307.659493,VS0,VE980',
37 verbose headers   vary: 'Accept-Encoding',
37 verbose headers   'content-length': '99',
37 verbose headers   'content-type': 'application/json',
37 verbose headers   via: '1.1 varnish, 1.1 bgl13-dmz-wsa-2-mgmt.cisco.com:80 (Cisco-WSA/10.1.1-230)',
37 verbose headers   connection: 'keep-alive' }
38 verbose request invalidating /Users/arpitmi/.npm/registry.npmjs.org/crawl on PUT
39 error publish Failed PUT 403
40 verbose stack Error: you do not have permission to publish "crawl". Are you logged in as the correct user? : crawl
40 verbose stack     at makeError (/usr/local/lib/node_modules/npm/node_modules/npm-registry-client/lib/request.js:302:12)
40 verbose stack     at CachingRegistryClient.<anonymous> (/usr/local/lib/node_modules/npm/node_modules/npm-registry-client/lib/request.js:290:14)
40 verbose stack     at Request._callback (/usr/local/lib/node_modules/npm/node_modules/npm-registry-client/lib/request.js:210:14)
40 verbose stack     at Request.self.callback (/usr/local/lib/node_modules/npm/node_modules/request/request.js:187:22)
40 verbose stack     at emitTwo (events.js:106:13)
40 verbose stack     at Request.emit (events.js:191:7)
40 verbose stack     at Request.<anonymous> (/usr/local/lib/node_modules/npm/node_modules/request/request.js:1044:10)
40 verbose stack     at emitOne (events.js:96:13)
40 verbose stack     at Request.emit (events.js:188:7)
40 verbose stack     at IncomingMessage.<anonymous> (/usr/local/lib/node_modules/npm/node_modules/request/request.js:965:12)
41 verbose statusCode 403
42 verbose pkgid crawl
43 verbose cwd /Users/arpitmi/myGit/WebCrawlerInJS
44 error Darwin 15.6.0
45 error argv "/usr/local/bin/node" "/usr/local/bin/npm" "publish"
46 error node v6.9.1
47 error npm  v3.10.8
48 error code E403
49 error you do not have permission to publish "crawl". Are you logged in as the correct user? : crawl
50 error If you need help, you may report this error at:
50 error     <https://github.com/npm/npm/issues>
51 verbose exit [ 1, true ]
